<?xml version="1.0" encoding="UTF-8"?>
<!-- Generated by org.testng.reporters.JUnitReportReporter -->
<testsuite skipped="0" hostname="LAPTOP-Q49L3C5V" name="ca.elecsoft.casetypetest.CaseValuesTest" tests="1" failures="0" timestamp="2021-06-11T15:26:47 EDT" time="0.965" errors="0">
  <testcase name="testCaseValues" time="0.965" classname="ca.elecsoft.casetypetest.CaseValuesTest"/>
  <system-out>
All issues found are below Case Sub Type| Case Type| Process | CustomerType | Work Order Type | Work Order Sub Type |  Priority | SearchKey MAILOUTSELFINSTALLITEM|MAILOUT-SELFINSTALL|SELF-INSTALL|COMMERCIAL|PROVISIONING|NULL|WIRELESS|MAILOUTSELFINSTALLITEM_CASESUBTYPE;MAILOUT-SELFINSTALL_CASETYPE;SELF-INSTALL_PROCESS;COMMERCIAL_CTYPE;PROVISIONING_WTYPE;NULL_WSTYPE;WIRELESS_PRIORITY; CREDIT|OTHEROFFERS|PROVISIONING|COMMERCIAL|PROVISIONING|NULL|WIRELESS|CREDIT_CASESUBTYPE;OTHEROFFERS_CASETYPE;PROVISIONING_PROCESS;COMMERCIAL_CTYPE;PROVISIONING_WTYPE;NULL_WSTYPE;WIRELESS_PRIORITY; 25%FOR12|SAVEBACK|PROVISIONING|RESIDENTIAL|PROVISIONING|NULL|WIRED|25%FOR12_CASESUBTYPE;SAVEBACK_CASETYPE;PROVISIONING_PROCESS;RESIDENTIAL_CTYPE;PROVISIONING_WTYPE;NULL_WSTYPE;WIRED_PRIORITY; REPLACECUSTOMERPREMISEEQUIPMENT(VIDEORELAY)|CAMERA|REPAIR|RESIDENTIAL|ASSURANCE|REPAIR-WIRED|WIRED|REPLACECUSTOMERPREMISEEQUIPMENT(VIDEORELAY)_CASESUBTYPE;CAMERA_CASETYPE;REPAIR_PROCESS;RESIDENTIAL_CTYPE;ASSURANCE_WTYPE;REPAIR-WIRED_WSTYPE;WIRED_PRIORITY; CONTRACTTAKEOVER-ADDITIONALEQUIPMENT|CONTRACTTAKEOVER|NULL|COMMERCIAL|NULL|NULL|WIRED|CONTRACTTAKEOVER-ADDITIONALEQUIPMENT_CASESUBTYPE;CONTRACTTAKEOVER_CASETYPE;NULL_PROCESS;COMMERCIAL_CTYPE;NULL_WTYPE;NULL_WSTYPE;WIRED_PRIORITY; CREDIT|OTHEROFFERS|PROVISIONING|COMMERCIAL|PROVISIONING|NULL|WIRED|CREDIT_CASESUBTYPE;OTHEROFFERS_CASETYPE;PROVISIONING_PROCESS;COMMERCIAL_CTYPE;PROVISIONING_WTYPE;NULL_WSTYPE;WIRED_PRIORITY; 3MONTHSFREE|SAVEBACK|PROVISIONING|RESIDENTIAL|PROVISIONING|NULL|WIRED|3MONTHSFREE_CASESUBTYPE;SAVEBACK_CASETYPE;PROVISIONING_PROCESS;RESIDENTIAL_CTYPE;PROVISIONING_WTYPE;NULL_WSTYPE;WIRED_PRIORITY; $20FOR24|SAVEBACK|PROVISIONING|RESIDENTIAL|PROVISIONING|NULL|WIRELESS|$20FOR24_CASESUBTYPE;SAVEBACK_CASETYPE;PROVISIONING_PROCESS;RESIDENTIAL_CTYPE;PROVISIONING_WTYPE;NULL_WSTYPE;WIRELESS_PRIORITY; 20FOR24|OTHEROFFERS|PROVISIONING|COMMERCIAL|PROVISIONING|NULL|WIRED|20FOR24_CASESUBTYPE;OTHEROFFERS_CASETYPE;PROVISIONING_PROCESS;COMMERCIAL_CTYPE;PROVISIONING_WTYPE;NULL_WSTYPE;WIRED_PRIORITY; $10FOR24|SAVEBACK|PROVISIONING|COMMERCIAL|PROVISIONING|NULL|WIRELESS|$10FOR24_CASESUBTYPE;SAVEBACK_CASETYPE;PROVISIONING_PROCESS;COMMERCIAL_CTYPE;PROVISIONING_WTYPE;NULL_WSTYPE;WIRELESS_PRIORITY; MAIL|MAILOUT-OTHER|MAILOUT|RESIDENTIAL|PROVISIONING|NULL|WIRELESS|MAIL_CASESUBTYPE;MAILOUT-OTHER_CASETYPE;MAILOUT_PROCESS;RESIDENTIAL_CTYPE;PROVISIONING_WTYPE;NULL_WSTYPE;WIRELESS_PRIORITY; RETURN|MAILOUT-OTHER|RETURN|RESIDENTIAL|ASSURANCE|NULL|WIRELESS|RETURN_CASESUBTYPE;MAILOUT-OTHER_CASETYPE;RETURN_PROCESS;RESIDENTIAL_CTYPE;ASSURANCE_WTYPE;NULL_WSTYPE;WIRELESS_PRIORITY; 25%FOR12|SAVEBACK|PROVISIONING|RESIDENTIAL|PROVISIONING|NULL|WIRELESS|25%FOR12_CASESUBTYPE;SAVEBACK_CASETYPE;PROVISIONING_PROCESS;RESIDENTIAL_CTYPE;PROVISIONING_WTYPE;NULL_WSTYPE;WIRELESS_PRIORITY; 15FOR24|OTHEROFFERS|PROVISIONING|RESIDENTIAL|PROVISIONING|NULL|WIRED|15FOR24_CASESUBTYPE;OTHEROFFERS_CASETYPE;PROVISIONING_PROCESS;RESIDENTIAL_CTYPE;PROVISIONING_WTYPE;NULL_WSTYPE;WIRED_PRIORITY; CONTRACTTAKEOVERAS-IS|CONTRACTTAKEOVER|NULL|COMMERCIAL|NULL|NULL|WIRED|CONTRACTTAKEOVERAS-IS_CASESUBTYPE;CONTRACTTAKEOVER_CASETYPE;NULL_PROCESS;COMMERCIAL_CTYPE;NULL_WTYPE;NULL_WSTYPE;WIRED_PRIORITY; 6MONTHSFREE|SAVEBACK|PROVISIONING|COMMERCIAL|PROVISIONING|NULL|WIRED|6MONTHSFREE_CASESUBTYPE;SAVEBACK_CASETYPE;PROVISIONING_PROCESS;COMMERCIAL_CTYPE;PROVISIONING_WTYPE;NULL_WSTYPE;WIRED_PRIORITY; $20FOR24|SAVEBACK|PROVISIONING|RESIDENTIAL|PROVISIONING|NULL|WIRED|$20FOR24_CASESUBTYPE;SAVEBACK_CASETYPE;PROVISIONING_PROCESS;RESIDENTIAL_CTYPE;PROVISIONING_WTYPE;NULL_WSTYPE;WIRED_PRIORITY; EXCHANGE|MAILOUT-OTHER|EXCHANGE|RESIDENTIAL|ASSURANCE|NULL|WIRED|EXCHANGE_CASESUBTYPE;MAILOUT-OTHER_CASETYPE;EXCHANGE_PROCESS;RESIDENTIAL_CTYPE;ASSURANCE_WTYPE;NULL_WSTYPE;WIRED_PRIORITY; 10FOR24|OTHEROFFERS|PROVISIONING|RESIDENTIAL|PROVISIONING|NULL|WIRED|10FOR24_CASESUBTYPE;OTHEROFFERS_CASETYPE;PROVISIONING_PROCESS;RESIDENTIAL_CTYPE;PROVISIONING_WTYPE;NULL_WSTYPE;WIRED_PRIORITY; MAIL|MAILOUT-OTHER|MAILOUT|COMMERCIAL|PROVISIONING|NULL|WIRELESS|MAIL_CASESUBTYPE;MAILOUT-OTHER_CASETYPE;MAILOUT_PROCESS;COMMERCIAL_CTYPE;PROVISIONING_WTYPE;NULL_WSTYPE;WIRELESS_PRIORITY; $5FORLIFEMOBILITYOFFER|OTHEROFFERS|PROVISIONING|COMMERCIAL|PROVISIONING|NULL|WIRED|$5FORLIFEMOBILITYOFFER_CASESUBTYPE;OTHEROFFERS_CASETYPE;PROVISIONING_PROCESS;COMMERCIAL_CTYPE;PROVISIONING_WTYPE;NULL_WSTYPE;WIRED_PRIORITY; SETTINGUP/ADJUSTINGRECORDINGSCHEDULES|CAMERA|NULL|NULL|NULL|NULL|NULL|SETTINGUP/ADJUSTINGRECORDINGSCHEDULES_CASESUBTYPE;CAMERA_CASETYPE;NULL_PROCESS;NULL_CTYPE;NULL_WTYPE;NULL_WSTYPE;NULL_PRIORITY; GENERALQUESTIONS|AUTOMATION|NULL|COMMERCIAL|NULL|COMMERCIAL-REPAIR-WIRED|NULL|GENERALQUESTIONS_CASESUBTYPE;AUTOMATION_CASETYPE;NULL_PROCESS;COMMERCIAL_CTYPE;NULL_WTYPE;COMMERCIAL-REPAIR-WIRED_WSTYPE;NULL_PRIORITY; TRANSFEROFOWNERSHIP|OTHEROFFERS|PROVISIONING|RESIDENTIAL|PROVISIONING|NULL|WIRELESS|TRANSFEROFOWNERSHIP_CASESUBTYPE;OTHEROFFERS_CASETYPE;PROVISIONING_PROCESS;RESIDENTIAL_CTYPE;PROVISIONING_WTYPE;NULL_WSTYPE;WIRELESS_PRIORITY; DELETINGSENSOR(S)|ALARM|NULL|RESIDENTIAL|ASSURANCE|NULL|WIRELESS|DELETINGSENSOR(S)_CASESUBTYPE;ALARM_CASETYPE;NULL_PROCESS;RESIDENTIAL_CTYPE;ASSURANCE_WTYPE;NULL_WSTYPE;WIRELESS_PRIORITY; CREDIT|OTHEROFFERS|PROVISIONING|RESIDENTIAL|PROVISIONING|NULL|WIRED|CREDIT_CASESUBTYPE;OTHEROFFERS_CASETYPE;PROVISIONING_PROCESS;RESIDENTIAL_CTYPE;PROVISIONING_WTYPE;NULL_WSTYPE;WIRED_PRIORITY; CONTRACTTAKEOVER-ADDITIONALEQUIPMENT|CONTRACTTAKEOVER|NULL|COMMERCIAL|NULL|NULL|WIRELESS|CONTRACTTAKEOVER-ADDITIONALEQUIPMENT_CASESUBTYPE;CONTRACTTAKEOVER_CASETYPE;NULL_PROCESS;COMMERCIAL_CTYPE;NULL_WTYPE;NULL_WSTYPE;WIRELESS_PRIORITY; 15FOR24|OTHEROFFERS|PROVISIONING|COMMERCIAL|PROVISIONING|NULL|WIRELESS|15FOR24_CASESUBTYPE;OTHEROFFERS_CASETYPE;PROVISIONING_PROCESS;COMMERCIAL_CTYPE;PROVISIONING_WTYPE;NULL_WSTYPE;WIRELESS_PRIORITY; RETURNSELFINSTALLITEM|MAILOUT-SELFINSTALL|RETURN|COMMERCIAL|ASSURANCE|NULL|WIRED|RETURNSELFINSTALLITEM_CASESUBTYPE;MAILOUT-SELFINSTALL_CASETYPE;RETURN_PROCESS;COMMERCIAL_CTYPE;ASSURANCE_WTYPE;NULL_WSTYPE;WIRED_PRIORITY; INQUIRY|REACTIVATION|NULL|COMMERCIAL|NULL|NULL|NULL|INQUIRY_CASESUBTYPE;REACTIVATION_CASETYPE;NULL_PROCESS;COMMERCIAL_CTYPE;NULL_WTYPE;NULL_WSTYPE;NULL_PRIORITY; SUSPENSION|OTHEROFFERS|NULL|RESIDENTIAL|NULL|NULL|WIRELESS|SUSPENSION_CASESUBTYPE;OTHEROFFERS_CASETYPE;NULL_PROCESS;RESIDENTIAL_CTYPE;NULL_WTYPE;NULL_WSTYPE;WIRELESS_PRIORITY; $5FORLIFEMOBILITYOFFER|OTHEROFFERS|PROVISIONING|COMMERCIAL|PROVISIONING|NULL|WIRELESS|$5FORLIFEMOBILITYOFFER_CASESUBTYPE;OTHEROFFERS_CASETYPE;PROVISIONING_PROCESS;COMMERCIAL_CTYPE;PROVISIONING_WTYPE;NULL_WSTYPE;WIRELESS_PRIORITY; CONTRACTTAKEOVERAS-IS|CONTRACTTAKEOVER|NULL|RESIDENTIAL|NULL|NULL|WIRELESS|CONTRACTTAKEOVERAS-IS_CASESUBTYPE;CONTRACTTAKEOVER_CASETYPE;NULL_PROCESS;RESIDENTIAL_CTYPE;NULL_WTYPE;NULL_WSTYPE;WIRELESS_PRIORITY; TRANSFEROFOWNERSHIP|OTHEROFFERS|PROVISIONING|COMMERCIAL|PROVISIONING|NULL|WIRED|TRANSFEROFOWNERSHIP_CASESUBTYPE;OTHEROFFERS_CASETYPE;PROVISIONING_PROCESS;COMMERCIAL_CTYPE;PROVISIONING_WTYPE;NULL_WSTYPE;WIRED_PRIORITY; CONTRACTTAKEOVERAS-IS|CONTRACTTAKEOVER|NULL|COMMERCIAL|NULL|NULL|WIRELESS|CONTRACTTAKEOVERAS-IS_CASESUBTYPE;CONTRACTTAKEOVER_CASETYPE;NULL_PROCESS;COMMERCIAL_CTYPE;NULL_WTYPE;NULL_WSTYPE;WIRELESS_PRIORITY; 5FORLIFE|OTHEROFFERS|PROVISIONING|RESIDENTIAL|PROVISIONING|NULL|WIRELESS|5FORLIFE_CASESUBTYPE;OTHEROFFERS_CASETYPE;PROVISIONING_PROCESS;RESIDENTIAL_CTYPE;PROVISIONING_WTYPE;NULL_WSTYPE;WIRELESS_PRIORITY; CREDIT|OTHEROFFERS|PROVISIONING|RESIDENTIAL|PROVISIONING|NULL|WIRELESS|CREDIT_CASESUBTYPE;OTHEROFFERS_CASETYPE;PROVISIONING_PROCESS;RESIDENTIAL_CTYPE;PROVISIONING_WTYPE;NULL_WSTYPE;WIRELESS_PRIORITY; RETURN|MAILOUT-OTHER|RETURN|COMMERCIAL|ASSURANCE|NULL|WIRED|RETURN_CASESUBTYPE;MAILOUT-OTHER_CASETYPE;RETURN_PROCESS;COMMERCIAL_CTYPE;ASSURANCE_WTYPE;NULL_WSTYPE;WIRED_PRIORITY; MAILOUTSELFINSTALLITEM|MAILOUT-SELFINSTALL|SELF-INSTALL|RESIDENTIAL|PROVISIONING|NULL|WIRED|MAILOUTSELFINSTALLITEM_CASESUBTYPE;MAILOUT-SELFINSTALL_CASETYPE;SELF-INSTALL_PROCESS;RESIDENTIAL_CTYPE;PROVISIONING_WTYPE;NULL_WSTYPE;WIRED_PRIORITY; $5FOR24|SAVEBACK|PROVISIONING|COMMERCIAL|PROVISIONING|NULL|WIRELESS|$5FOR24_CASESUBTYPE;SAVEBACK_CASETYPE;PROVISIONING_PROCESS;COMMERCIAL_CTYPE;PROVISIONING_WTYPE;NULL_WSTYPE;WIRELESS_PRIORITY; TRANSFEROFOWNERSHIP|ACCOUNTINFORMATIONUPDATES|TRANSFEROFOWNERSHIP|RESIDENTIAL|PROVISIONING|NULL|WIRED|TRANSFEROFOWNERSHIP_CASESUBTYPE;ACCOUNTINFORMATIONUPDATES_CASETYPE;TRANSFEROFOWNERSHIP_PROCESS;RESIDENTIAL_CTYPE;PROVISIONING_WTYPE;NULL_WSTYPE;WIRED_PRIORITY; CONTRACTTAKEOVER-ADDITIONALEQUIPMENT|CONTRACTTAKEOVER|NULL|RESIDENTIAL|NULL|NULL|WIRELESS|CONTRACTTAKEOVER-ADDITIONALEQUIPMENT_CASESUBTYPE;CONTRACTTAKEOVER_CASETYPE;NULL_PROCESS;RESIDENTIAL_CTYPE;NULL_WTYPE;NULL_WSTYPE;WIRELESS_PRIORITY; 5FORLIFE|OTHEROFFERS|PROVISIONING|COMMERCIAL|PROVISIONING|NULL|WIRELESS|5FORLIFE_CASESUBTYPE;OTHEROFFERS_CASETYPE;PROVISIONING_PROCESS;COMMERCIAL_CTYPE;PROVISIONING_WTYPE;NULL_WSTYPE;WIRELESS_PRIORITY; 20FOR24|OTHEROFFERS|PROVISIONING|RESIDENTIAL|PROVISIONING|NULL|WIRELESS|20FOR24_CASESUBTYPE;OTHEROFFERS_CASETYPE;PROVISIONING_PROCESS;RESIDENTIAL_CTYPE;PROVISIONING_WTYPE;NULL_WSTYPE;WIRELESS_PRIORITY; 10%ONGOING|SAVEBACK|PROVISIONING|RESIDENTIAL|PROVISIONING|NULL|WIRED|10%ONGOING_CASESUBTYPE;SAVEBACK_CASETYPE;PROVISIONING_PROCESS;RESIDENTIAL_CTYPE;PROVISIONING_WTYPE;NULL_WSTYPE;WIRED_PRIORITY; PROMOTIONS/OFFERS/DISCOUNTS|BILLING|PROVISIONING|COMMERCIAL|PROVISIONING|NULL|WIRED|PROMOTIONS/OFFERS/DISCOUNTS_CASESUBTYPE;BILLING_CASETYPE;PROVISIONING_PROCESS;COMMERCIAL_CTYPE;PROVISIONING_WTYPE;NULL_WSTYPE;WIRED_PRIORITY; SUSPENSION|BILLING|?|RESIDENTIAL|?|NULL|WIRELESS|SUSPENSION_CASESUBTYPE;BILLING_CASETYPE;?_PROCESS;RESIDENTIAL_CTYPE;?_WTYPE;NULL_WSTYPE;WIRELESS_PRIORITY; CONTRACTTAKEOVER-NEW3YEAR|CONTRACTTAKEOVER|NULL|COMMERCIAL|NULL|NULL|WIRELESS|CONTRACTTAKEOVER-NEW3YEAR_CASESUBTYPE;CONTRACTTAKEOVER_CASETYPE;NULL_PROCESS;COMMERCIAL_CTYPE;NULL_WTYPE;NULL_WSTYPE;WIRELESS_PRIORITY; EXCHANGESELFINSTALLITEM|MAILOUT-SELFINSTALL|EXCHANGE|RESIDENTIAL|ASSURANCE|NULL|WIRED|EXCHANGESELFINSTALLITEM_CASESUBTYPE;MAILOUT-SELFINSTALL_CASETYPE;EXCHANGE_PROCESS;RESIDENTIAL_CTYPE;ASSURANCE_WTYPE;NULL_WSTYPE;WIRED_PRIORITY; 6MONTHSFREE|SAVEBACK|PROVISIONING|COMMERCIAL|PROVISIONING|NULL|WIRELESS|6MONTHSFREE_CASESUBTYPE;SAVEBACK_CASETYPE;PROVISIONING_PROCESS;COMMERCIAL_CTYPE;PROVISIONING_WTYPE;NULL_WSTYPE;WIRELESS_PRIORITY; $5FORLIFEMOBILITYOFFER|OTHEROFFERS|PROVISIONING|RESIDENTIAL|PROVISIONING|NULL|WIRED|$5FORLIFEMOBILITYOFFER_CASESUBTYPE;OTHEROFFERS_CASETYPE;PROVISIONING_PROCESS;RESIDENTIAL_CTYPE;PROVISIONING_WTYPE;NULL_WSTYPE;WIRED_PRIORITY; TRANSFEROFOWNERSHIP|ACCOUNTINFORMATIONUPDATES|TRANSFEROFOWNERSHIP|COMMERCIAL|PROVISIONING|NULL|WIRED|TRANSFEROFOWNERSHIP_CASESUBTYPE;ACCOUNTINFORMATIONUPDATES_CASETYPE;TRANSFEROFOWNERSHIP_PROCESS;COMMERCIAL_CTYPE;PROVISIONING_WTYPE;NULL_WSTYPE;WIRED_PRIORITY; $5FORLIFE|SAVEBACK|PROVISIONING|RESIDENTIAL|PROVISIONING|NULL|WIRED|$5FORLIFE_CASESUBTYPE;SAVEBACK_CASETYPE;PROVISIONING_PROCESS;RESIDENTIAL_CTYPE;PROVISIONING_WTYPE;NULL_WSTYPE;WIRED_PRIORITY; INQUIRY|REACTIVATION|NULL|RESIDENTIAL|NULL|NULL|NULL|INQUIRY_CASESUBTYPE;REACTIVATION_CASETYPE;NULL_PROCESS;RESIDENTIAL_CTYPE;NULL_WTYPE;NULL_WSTYPE;NULL_PRIORITY; GENERALQUESTIONS|AUTOMATION|NULL|RESIDENTIAL|NULL|RESIDENTIAL-REPAIR-WIRELESS|NULL|GENERALQUESTIONS_CASESUBTYPE;AUTOMATION_CASETYPE;NULL_PROCESS;RESIDENTIAL_CTYPE;NULL_WTYPE;RESIDENTIAL-REPAIR-WIRELESS_WSTYPE;NULL_PRIORITY; CONTRACTTAKEOVER-UPGRADE|CONTRACTTAKEOVER|NULL|RESIDENTIAL|NULL|NULL|WIRELESS|CONTRACTTAKEOVER-UPGRADE_CASESUBTYPE;CONTRACTTAKEOVER_CASETYPE;NULL_PROCESS;RESIDENTIAL_CTYPE;NULL_WTYPE;NULL_WSTYPE;WIRELESS_PRIORITY; MAILOUTSELFINSTALLITEM|MAILOUT-SELFINSTALL|SELF-INSTALL|RESIDENTIAL|PROVISIONING|NULL|WIRELESS|MAILOUTSELFINSTALLITEM_CASESUBTYPE;MAILOUT-SELFINSTALL_CASETYPE;SELF-INSTALL_PROCESS;RESIDENTIAL_CTYPE;PROVISIONING_WTYPE;NULL_WSTYPE;WIRELESS_PRIORITY; 10%ONGOING|SAVEBACK|PROVISIONING|COMMERCIAL|PROVISIONING|NULL|WIRED|10%ONGOING_CASESUBTYPE;SAVEBACK_CASETYPE;PROVISIONING_PROCESS;COMMERCIAL_CTYPE;PROVISIONING_WTYPE;NULL_WSTYPE;WIRED_PRIORITY; 15FOR24|OTHEROFFERS|PROVISIONING|RESIDENTIAL|PROVISIONING|NULL|WIRELESS|15FOR24_CASESUBTYPE;OTHEROFFERS_CASETYPE;PROVISIONING_PROCESS;RESIDENTIAL_CTYPE;PROVISIONING_WTYPE;NULL_WSTYPE;WIRELESS_PRIORITY; ADD/CHANGE/DELETEARMINGCODES|ALARM|NULL|RESIDENTIAL|ASSURANCE|NULL|NULL|ADD/CHANGE/DELETEARMINGCODES_CASESUBTYPE;ALARM_CASETYPE;NULL_PROCESS;RESIDENTIAL_CTYPE;ASSURANCE_WTYPE;NULL_WSTYPE;NULL_PRIORITY; TRANSFEROFOWNERSHIP|ACCOUNTINFORMATIONUPDATES|TRANSFEROFOWNERSHIP|RESIDENTIAL|PROVISIONING|NULL|WIRELESS|TRANSFEROFOWNERSHIP_CASESUBTYPE;ACCOUNTINFORMATIONUPDATES_CASETYPE;TRANSFEROFOWNERSHIP_PROCESS;RESIDENTIAL_CTYPE;PROVISIONING_WTYPE;NULL_WSTYPE;WIRELESS_PRIORITY; GENERALQUESTIONS|ALARM|NULL|RESIDENTIAL|NULL|RESIDENTIAL-REPAIR-WIRELESS|NULL|GENERALQUESTIONS_CASESUBTYPE;ALARM_CASETYPE;NULL_PROCESS;RESIDENTIAL_CTYPE;NULL_WTYPE;RESIDENTIAL-REPAIR-WIRELESS_WSTYPE;NULL_PRIORITY; MAIL|MAILOUT-OTHER|MAILOUT|COMMERCIAL|PROVISIONING|NULL|WIRED|MAIL_CASESUBTYPE;MAILOUT-OTHER_CASETYPE;MAILOUT_PROCESS;COMMERCIAL_CTYPE;PROVISIONING_WTYPE;NULL_WSTYPE;WIRED_PRIORITY; REVIEWOFALARMLOG|ALARM|NULL|RESIDENTIAL|NULL|RESIDENTIAL-REPAIR-WIRELESS|NULL|REVIEWOFALARMLOG_CASESUBTYPE;ALARM_CASETYPE;NULL_PROCESS;RESIDENTIAL_CTYPE;NULL_WTYPE;RESIDENTIAL-REPAIR-WIRELESS_WSTYPE;NULL_PRIORITY; OUTBOUNDCALL/FOLLOW-UP|ALARM|NULL|COMMERCIAL|NULL|COMMERCIAL-REPAIR-WIRELESS|NULL|OUTBOUNDCALL/FOLLOW-UP_CASESUBTYPE;ALARM_CASETYPE;NULL_PROCESS;COMMERCIAL_CTYPE;NULL_WTYPE;COMMERCIAL-REPAIR-WIRELESS_WSTYPE;NULL_PRIORITY; RETURN|MAILOUT-OTHER|RETURN|RESIDENTIAL|ASSURANCE|NULL|WIRED|RETURN_CASESUBTYPE;MAILOUT-OTHER_CASETYPE;RETURN_PROCESS;RESIDENTIAL_CTYPE;ASSURANCE_WTYPE;NULL_WSTYPE;WIRED_PRIORITY; EXCHANGESELFINSTALLITEM|MAILOUT-SELFINSTALL|EXCHANGE|COMMERCIAL|ASSURANCE|NULL|WIRELESS|EXCHANGESELFINSTALLITEM_CASESUBTYPE;MAILOUT-SELFINSTALL_CASETYPE;EXCHANGE_PROCESS;COMMERCIAL_CTYPE;ASSURANCE_WTYPE;NULL_WSTYPE;WIRELESS_PRIORITY; 15FOR24|OTHEROFFERS|PROVISIONING|COMMERCIAL|PROVISIONING|NULL|WIRED|15FOR24_CASESUBTYPE;OTHEROFFERS_CASETYPE;PROVISIONING_PROCESS;COMMERCIAL_CTYPE;PROVISIONING_WTYPE;NULL_WSTYPE;WIRED_PRIORITY; CONTRACTTAKEOVER-UPGRADE|CONTRACTTAKEOVER|NULL|RESIDENTIAL|NULL|NULL|WIRED|CONTRACTTAKEOVER-UPGRADE_CASESUBTYPE;CONTRACTTAKEOVER_CASETYPE;NULL_PROCESS;RESIDENTIAL_CTYPE;NULL_WTYPE;NULL_WSTYPE;WIRED_PRIORITY; 5FORLIFE|OTHEROFFERS|PROVISIONING|RESIDENTIAL|PROVISIONING|NULL|WIRED|5FORLIFE_CASESUBTYPE;OTHEROFFERS_CASETYPE;PROVISIONING_PROCESS;RESIDENTIAL_CTYPE;PROVISIONING_WTYPE;NULL_WSTYPE;WIRED_PRIORITY; 10FOR24|OTHEROFFERS|PROVISIONING|RESIDENTIAL|PROVISIONING|NULL|WIRELESS|10FOR24_CASESUBTYPE;OTHEROFFERS_CASETYPE;PROVISIONING_PROCESS;RESIDENTIAL_CTYPE;PROVISIONING_WTYPE;NULL_WSTYPE;WIRELESS_PRIORITY; TRANSFEROFOWNERSHIP|OTHEROFFERS|PROVISIONING|RESIDENTIAL|PROVISIONING|NULL|WIRED|TRANSFEROFOWNERSHIP_CASESUBTYPE;OTHEROFFERS_CASETYPE;PROVISIONING_PROCESS;RESIDENTIAL_CTYPE;PROVISIONING_WTYPE;NULL_WSTYPE;WIRED_PRIORITY; $10FOR24|SAVEBACK|PROVISIONING|RESIDENTIAL|PROVISIONING|NULL|WIRELESS|$10FOR24_CASESUBTYPE;SAVEBACK_CASETYPE;PROVISIONING_PROCESS;RESIDENTIAL_CTYPE;PROVISIONING_WTYPE;NULL_WSTYPE;WIRELESS_PRIORITY; RETURNSELFINSTALLITEM|MAILOUT-SELFINSTALL|RETURN|RESIDENTIAL|ASSURANCE|NULL|WIRED|RETURNSELFINSTALLITEM_CASESUBTYPE;MAILOUT-SELFINSTALL_CASETYPE;RETURN_PROCESS;RESIDENTIAL_CTYPE;ASSURANCE_WTYPE;NULL_WSTYPE;WIRED_PRIORITY; SUSPENSION|BILLING|?|COMMERCIAL|?|NULL|WIRED|SUSPENSION_CASESUBTYPE;BILLING_CASETYPE;?_PROCESS;COMMERCIAL_CTYPE;?_WTYPE;NULL_WSTYPE;WIRED_PRIORITY; PROMOTIONS/OFFERS/DISCOUNTS|BILLING|PROVISIONING|RESIDENTIAL|PROVISIONING|NULL|WIRELESS|PROMOTIONS/OFFERS/DISCOUNTS_CASESUBTYPE;BILLING_CASETYPE;PROVISIONING_PROCESS;RESIDENTIAL_CTYPE;PROVISIONING_WTYPE;NULL_WSTYPE;WIRELESS_PRIORITY; 5FORLIFE|OTHEROFFERS|PROVISIONING|COMMERCIAL|PROVISIONING|NULL|WIRED|5FORLIFE_CASESUBTYPE;OTHEROFFERS_CASETYPE;PROVISIONING_PROCESS;COMMERCIAL_CTYPE;PROVISIONING_WTYPE;NULL_WSTYPE;WIRED_PRIORITY; CONTRACTTAKEOVER-UPGRADE|CONTRACTTAKEOVER|NULL|COMMERCIAL|NULL|NULL|WIRELESS|CONTRACTTAKEOVER-UPGRADE_CASESUBTYPE;CONTRACTTAKEOVER_CASETYPE;NULL_PROCESS;COMMERCIAL_CTYPE;NULL_WTYPE;NULL_WSTYPE;WIRELESS_PRIORITY; SERVICELOCATIONREACTIVATION|REACTIVATION|REACTIVATION|RESIDENTIAL|ASSURANCE|NULL|WIRED|SERVICELOCATIONREACTIVATION_CASESUBTYPE;REACTIVATION_CASETYPE;REACTIVATION_PROCESS;RESIDENTIAL_CTYPE;ASSURANCE_WTYPE;NULL_WSTYPE;WIRED_PRIORITY; SUSPENSION|BILLING|?|COMMERCIAL|?|NULL|WIRELESS|SUSPENSION_CASESUBTYPE;BILLING_CASETYPE;?_PROCESS;COMMERCIAL_CTYPE;?_WTYPE;NULL_WSTYPE;WIRELESS_PRIORITY; GENERALQUESTIONS|ALARM|NULL|COMMERCIAL|NULL|COMMERCIAL-REPAIR-WIRED|NULL|GENERALQUESTIONS_CASESUBTYPE;ALARM_CASETYPE;NULL_PROCESS;COMMERCIAL_CTYPE;NULL_WTYPE;COMMERCIAL-REPAIR-WIRED_WSTYPE;NULL_PRIORITY; 3MONTHSFREE|SAVEBACK|PROVISIONING|COMMERCIAL|PROVISIONING|NULL|WIRELESS|3MONTHSFREE_CASESUBTYPE;SAVEBACK_CASETYPE;PROVISIONING_PROCESS;COMMERCIAL_CTYPE;PROVISIONING_WTYPE;NULL_WSTYPE;WIRELESS_PRIORITY; CONTRACTTAKEOVER-NEW3YEAR|CONTRACTTAKEOVER|NULL|RESIDENTIAL|NULL|NULL|WIRELESS|CONTRACTTAKEOVER-NEW3YEAR_CASESUBTYPE;CONTRACTTAKEOVER_CASETYPE;NULL_PROCESS;RESIDENTIAL_CTYPE;NULL_WTYPE;NULL_WSTYPE;WIRELESS_PRIORITY; EXCHANGE|MAILOUT-OTHER|EXCHANGE|COMMERCIAL|ASSURANCE|NULL|WIRED|EXCHANGE_CASESUBTYPE;MAILOUT-OTHER_CASETYPE;EXCHANGE_PROCESS;COMMERCIAL_CTYPE;ASSURANCE_WTYPE;NULL_WSTYPE;WIRED_PRIORITY; CONTRACTTAKEOVERAS-IS|CONTRACTTAKEOVER|NULL|RESIDENTIAL|NULL|NULL|WIRED|CONTRACTTAKEOVERAS-IS_CASESUBTYPE;CONTRACTTAKEOVER_CASETYPE;NULL_PROCESS;RESIDENTIAL_CTYPE;NULL_WTYPE;NULL_WSTYPE;WIRED_PRIORITY; RETURN|MAILOUT-OTHER|RETURN|COMMERCIAL|ASSURANCE|NULL|WIRELESS|RETURN_CASESUBTYPE;MAILOUT-OTHER_CASETYPE;RETURN_PROCESS;COMMERCIAL_CTYPE;ASSURANCE_WTYPE;NULL_WSTYPE;WIRELESS_PRIORITY; DISCOUNTONEQUIPMENT|OTHEROFFERS|PROVISIONING|RESIDENTIAL|PROVISIONING|NULL|WIRED|DISCOUNTONEQUIPMENT_CASESUBTYPE;OTHEROFFERS_CASETYPE;PROVISIONING_PROCESS;RESIDENTIAL_CTYPE;PROVISIONING_WTYPE;NULL_WSTYPE;WIRED_PRIORITY; DOWNGRADEOUTSIDEOFCONTRACT(VOLUNTARY)|DOWNGRADE|DOWNGRADE|RESIDENTIAL|ASSURANCE|NULL|WIRELESS|DOWNGRADEOUTSIDEOFCONTRACT(VOLUNTARY)_CASESUBTYPE;DOWNGRADE_CASETYPE;DOWNGRADE_PROCESS;RESIDENTIAL_CTYPE;ASSURANCE_WTYPE;NULL_WSTYPE;WIRELESS_PRIORITY; DELETINGSENSOR(S)|ALARM|NULL|COMMERCIAL|ASSURANCE|NULL|WIRED|DELETINGSENSOR(S)_CASESUBTYPE;ALARM_CASETYPE;NULL_PROCESS;COMMERCIAL_CTYPE;ASSURANCE_WTYPE;NULL_WSTYPE;WIRED_PRIORITY; DISCOUNTONEQUIPMENT|OTHEROFFERS|PROVISIONING|RESIDENTIAL|PROVISIONING|NULL|WIRELESS|DISCOUNTONEQUIPMENT_CASESUBTYPE;OTHEROFFERS_CASETYPE;PROVISIONING_PROCESS;RESIDENTIAL_CTYPE;PROVISIONING_WTYPE;NULL_WSTYPE;WIRELESS_PRIORITY; $10FOR24|SAVEBACK|PROVISIONING|COMMERCIAL|PROVISIONING|NULL|WIRED|$10FOR24_CASESUBTYPE;SAVEBACK_CASETYPE;PROVISIONING_PROCESS;COMMERCIAL_CTYPE;PROVISIONING_WTYPE;NULL_WSTYPE;WIRED_PRIORITY; DISCOUNTONEQUIPMENT|OTHEROFFERS|PROVISIONING|COMMERCIAL|PROVISIONING|NULL|WIRELESS|DISCOUNTONEQUIPMENT_CASESUBTYPE;OTHEROFFERS_CASETYPE;PROVISIONING_PROCESS;COMMERCIAL_CTYPE;PROVISIONING_WTYPE;NULL_WSTYPE;WIRELESS_PRIORITY; $20FOR24|SAVEBACK|PROVISIONING|COMMERCIAL|PROVISIONING|NULL|WIRED|$20FOR24_CASESUBTYPE;SAVEBACK_CASETYPE;PROVISIONING_PROCESS;COMMERCIAL_CTYPE;PROVISIONING_WTYPE;NULL_WSTYPE;WIRED_PRIORITY; REMOVEPENDANT|MEDICALALERT|NULL|RESIDENTIAL|ASSURANCE|NULL|WIRELESS|REMOVEPENDANT_CASESUBTYPE;MEDICALALERT_CASETYPE;NULL_PROCESS;RESIDENTIAL_CTYPE;ASSURANCE_WTYPE;NULL_WSTYPE;WIRELESS_PRIORITY; MAILOUTSELFINSTALLITEM|MAILOUT-SELFINSTALL|SELF-INSTALL|COMMERCIAL|PROVISIONING|NULL|WIRED|MAILOUTSELFINSTALLITEM_CASESUBTYPE;MAILOUT-SELFINSTALL_CASETYPE;SELF-INSTALL_PROCESS;COMMERCIAL_CTYPE;PROVISIONING_WTYPE;NULL_WSTYPE;WIRED_PRIORITY; MAIL|MAILOUT-OTHER|MAILOUT|RESIDENTIAL|PROVISIONING|NULL|WIRED|MAIL_CASESUBTYPE;MAILOUT-OTHER_CASETYPE;MAILOUT_PROCESS;RESIDENTIAL_CTYPE;PROVISIONING_WTYPE;NULL_WSTYPE;WIRED_PRIORITY; SERVICELOCATIONREACTIVATION|REACTIVATION|REACTIVATION|COMMERCIAL|ASSURANCE|NULL|WIRED|SERVICELOCATIONREACTIVATION_CASESUBTYPE;REACTIVATION_CASETYPE;REACTIVATION_PROCESS;COMMERCIAL_CTYPE;ASSURANCE_WTYPE;NULL_WSTYPE;WIRED_PRIORITY; RETURNSELFINSTALLITEM|MAILOUT-SELFINSTALL|RETURN|COMMERCIAL|ASSURANCE|NULL|WIRELESS|RETURNSELFINSTALLITEM_CASESUBTYPE;MAILOUT-SELFINSTALL_CASETYPE;RETURN_PROCESS;COMMERCIAL_CTYPE;ASSURANCE_WTYPE;NULL_WSTYPE;WIRELESS_PRIORITY; EXCHANGESELFINSTALLITEM|MAILOUT-SELFINSTALL|EXCHANGE|COMMERCIAL|ASSURANCE|NULL|WIRED|EXCHANGESELFINSTALLITEM_CASESUBTYPE;MAILOUT-SELFINSTALL_CASETYPE;EXCHANGE_PROCESS;COMMERCIAL_CTYPE;ASSURANCE_WTYPE;NULL_WSTYPE;WIRED_PRIORITY; SUSPENSION|OTHEROFFERS|NULL|COMMERCIAL|NULL|NULL|WIRELESS|SUSPENSION_CASESUBTYPE;OTHEROFFERS_CASETYPE;NULL_PROCESS;COMMERCIAL_CTYPE;NULL_WTYPE;NULL_WSTYPE;WIRELESS_PRIORITY; QUOTATIONONSERVICEOREQUIPMENT|ALARM|REPAIR|COMMERCIAL|ASSURANCE|COMMERCIAL-REPAIR-WIRED|WIRED|QUOTATIONONSERVICEOREQUIPMENT_CASESUBTYPE;ALARM_CASETYPE;REPAIR_PROCESS;COMMERCIAL_CTYPE;ASSURANCE_WTYPE;COMMERCIAL-REPAIR-WIRED_WSTYPE;WIRED_PRIORITY; SUSPENSION|OTHEROFFERS|NULL|COMMERCIAL|NULL|NULL|WIRED|SUSPENSION_CASESUBTYPE;OTHEROFFERS_CASETYPE;NULL_PROCESS;COMMERCIAL_CTYPE;NULL_WTYPE;NULL_WSTYPE;WIRED_PRIORITY; 10%ONGOING|SAVEBACK|PROVISIONING|COMMERCIAL|PROVISIONING|NULL|WIRELESS|10%ONGOING_CASESUBTYPE;SAVEBACK_CASETYPE;PROVISIONING_PROCESS;COMMERCIAL_CTYPE;PROVISIONING_WTYPE;NULL_WSTYPE;WIRELESS_PRIORITY; $19.99+TAXLEGACYDEAL|OTHEROFFERS|NULL|COMMERCIAL|NULL|NULL|NULL|$19.99+TAXLEGACYDEAL_CASESUBTYPE;OTHEROFFERS_CASETYPE;NULL_PROCESS;COMMERCIAL_CTYPE;NULL_WTYPE;NULL_WSTYPE;NULL_PRIORITY; DOWNGRADEOUTSIDEOFCONTRACT(VOLUNTARY)|DOWNGRADE|DOWNGRADE|RESIDENTIAL|ASSURANCE|NULL|WIRED|DOWNGRADEOUTSIDEOFCONTRACT(VOLUNTARY)_CASESUBTYPE;DOWNGRADE_CASETYPE;DOWNGRADE_PROCESS;RESIDENTIAL_CTYPE;ASSURANCE_WTYPE;NULL_WSTYPE;WIRED_PRIORITY; GENERALQUESTIONS|AUTOMATION|NULL|COMMERCIAL|NULL|COMMERCIAL-REPAIR-WIRELESS|NULL|GENERALQUESTIONS_CASESUBTYPE;AUTOMATION_CASETYPE;NULL_PROCESS;COMMERCIAL_CTYPE;NULL_WTYPE;COMMERCIAL-REPAIR-WIRELESS_WSTYPE;NULL_PRIORITY; CONTRACTTAKEOVER-ADDITIONALEQUIPMENT|CONTRACTTAKEOVER|NULL|RESIDENTIAL|NULL|NULL|WIRED|CONTRACTTAKEOVER-ADDITIONALEQUIPMENT_CASESUBTYPE;CONTRACTTAKEOVER_CASETYPE;NULL_PROCESS;RESIDENTIAL_CTYPE;NULL_WTYPE;NULL_WSTYPE;WIRED_PRIORITY; 10%ONGOING|SAVEBACK|PROVISIONING|RESIDENTIAL|PROVISIONING|NULL|WIRELESS|10%ONGOING_CASESUBTYPE;SAVEBACK_CASETYPE;PROVISIONING_PROCESS;RESIDENTIAL_CTYPE;PROVISIONING_WTYPE;NULL_WSTYPE;WIRELESS_PRIORITY; OUTBOUNDCALL/FOLLOW-UP|ALARM|NULL|COMMERCIAL|NULL|COMMERCIAL-REPAIR-WIRED|NULL|OUTBOUNDCALL/FOLLOW-UP_CASESUBTYPE;ALARM_CASETYPE;NULL_PROCESS;COMMERCIAL_CTYPE;NULL_WTYPE;COMMERCIAL-REPAIR-WIRED_WSTYPE;NULL_PRIORITY; DELETINGSENSOR(S)|ALARM|NULL|COMMERCIAL|ASSURANCE|NULL|WIRELESS|DELETINGSENSOR(S)_CASESUBTYPE;ALARM_CASETYPE;NULL_PROCESS;COMMERCIAL_CTYPE;ASSURANCE_WTYPE;NULL_WSTYPE;WIRELESS_PRIORITY; $20FOR24|SAVEBACK|PROVISIONING|COMMERCIAL|PROVISIONING|NULL|WIRELESS|$20FOR24_CASESUBTYPE;SAVEBACK_CASETYPE;PROVISIONING_PROCESS;COMMERCIAL_CTYPE;PROVISIONING_WTYPE;NULL_WSTYPE;WIRELESS_PRIORITY; 10FOR24|OTHEROFFERS|PROVISIONING|COMMERCIAL|PROVISIONING|NULL|WIRELESS|10FOR24_CASESUBTYPE;OTHEROFFERS_CASETYPE;PROVISIONING_PROCESS;COMMERCIAL_CTYPE;PROVISIONING_WTYPE;NULL_WSTYPE;WIRELESS_PRIORITY; PROMOTIONS/OFFERS/DISCOUNTS|BILLING|PROVISIONING|COMMERCIAL|PROVISIONING|NULL|WIRELESS|PROMOTIONS/OFFERS/DISCOUNTS_CASESUBTYPE;BILLING_CASETYPE;PROVISIONING_PROCESS;COMMERCIAL_CTYPE;PROVISIONING_WTYPE;NULL_WSTYPE;WIRELESS_PRIORITY; 20FOR24|OTHEROFFERS|PROVISIONING|COMMERCIAL|PROVISIONING|NULL|WIRELESS|20FOR24_CASESUBTYPE;OTHEROFFERS_CASETYPE;PROVISIONING_PROCESS;COMMERCIAL_CTYPE;PROVISIONING_WTYPE;NULL_WSTYPE;WIRELESS_PRIORITY; CONTRACTTAKEOVER-NEW3YEAR|CONTRACTTAKEOVER|NULL|RESIDENTIAL|NULL|NULL|WIRED|CONTRACTTAKEOVER-NEW3YEAR_CASESUBTYPE;CONTRACTTAKEOVER_CASETYPE;NULL_PROCESS;RESIDENTIAL_CTYPE;NULL_WTYPE;NULL_WSTYPE;WIRED_PRIORITY; 3MONTHSFREE|SAVEBACK|PROVISIONING|COMMERCIAL|PROVISIONING|NULL|WIRED|3MONTHSFREE_CASESUBTYPE;SAVEBACK_CASETYPE;PROVISIONING_PROCESS;COMMERCIAL_CTYPE;PROVISIONING_WTYPE;NULL_WSTYPE;WIRED_PRIORITY; CONTRACTTAKEOVER-NEW3YEAR|CONTRACTTAKEOVER|NULL|COMMERCIAL|NULL|NULL|WIRED|CONTRACTTAKEOVER-NEW3YEAR_CASESUBTYPE;CONTRACTTAKEOVER_CASETYPE;NULL_PROCESS;COMMERCIAL_CTYPE;NULL_WTYPE;NULL_WSTYPE;WIRED_PRIORITY; $5FORLIFE|SAVEBACK|PROVISIONING|COMMERCIAL|PROVISIONING|NULL|WIRELESS|$5FORLIFE_CASESUBTYPE;SAVEBACK_CASETYPE;PROVISIONING_PROCESS;COMMERCIAL_CTYPE;PROVISIONING_WTYPE;NULL_WSTYPE;WIRELESS_PRIORITY; $10FOR24|SAVEBACK|PROVISIONING|RESIDENTIAL|PROVISIONING|NULL|WIRED|$10FOR24_CASESUBTYPE;SAVEBACK_CASETYPE;PROVISIONING_PROCESS;RESIDENTIAL_CTYPE;PROVISIONING_WTYPE;NULL_WSTYPE;WIRED_PRIORITY; EXCHANGE|MAILOUT-OTHER|EXCHANGE|RESIDENTIAL|ASSURANCE|NULL|WIRELESS|EXCHANGE_CASESUBTYPE;MAILOUT-OTHER_CASETYPE;EXCHANGE_PROCESS;RESIDENTIAL_CTYPE;ASSURANCE_WTYPE;NULL_WSTYPE;WIRELESS_PRIORITY; GENERALQUESTIONS|ALARM|NULL|COMMERCIAL|NULL|COMMERCIAL-REPAIR-WIRELESS|NULL|GENERALQUESTIONS_CASESUBTYPE;ALARM_CASETYPE;NULL_PROCESS;COMMERCIAL_CTYPE;NULL_WTYPE;COMMERCIAL-REPAIR-WIRELESS_WSTYPE;NULL_PRIORITY; CONTRACTTAKEOVER-UPGRADE|CONTRACTTAKEOVER|NULL|COMMERCIAL|NULL|NULL|WIRED|CONTRACTTAKEOVER-UPGRADE_CASESUBTYPE;CONTRACTTAKEOVER_CASETYPE;NULL_PROCESS;COMMERCIAL_CTYPE;NULL_WTYPE;NULL_WSTYPE;WIRED_PRIORITY; OUTBOUNDCALL/FOLLOW-UP|ALARM|NULL|RESIDENTIAL|NULL|RESIDENTIAL-REPAIR-WIRELESS|NULL|OUTBOUNDCALL/FOLLOW-UP_CASESUBTYPE;ALARM_CASETYPE;NULL_PROCESS;RESIDENTIAL_CTYPE;NULL_WTYPE;RESIDENTIAL-REPAIR-WIRELESS_WSTYPE;NULL_PRIORITY; PROMOTIONS/OFFERS/DISCOUNTS|BILLING|PROVISIONING|RESIDENTIAL|PROVISIONING|NULL|WIRED|PROMOTIONS/OFFERS/DISCOUNTS_CASESUBTYPE;BILLING_CASETYPE;PROVISIONING_PROCESS;RESIDENTIAL_CTYPE;PROVISIONING_WTYPE;NULL_WSTYPE;WIRED_PRIORITY; SUSPENSION|BILLING|?|RESIDENTIAL|?|NULL|WIRED|SUSPENSION_CASESUBTYPE;BILLING_CASETYPE;?_PROCESS;RESIDENTIAL_CTYPE;?_WTYPE;NULL_WSTYPE;WIRED_PRIORITY; ADD/CHANGE/DELETEARMINGCODES|ALARM|NULL|COMMERCIAL|NULL|COMMERCIAL-REPAIR-WIRELESS|NULL|ADD/CHANGE/DELETEARMINGCODES_CASESUBTYPE;ALARM_CASETYPE;NULL_PROCESS;COMMERCIAL_CTYPE;NULL_WTYPE;COMMERCIAL-REPAIR-WIRELESS_WSTYPE;NULL_PRIORITY; DOWNGRADEOUTSIDEOFCONTRACT(VOLUNTARY)|DOWNGRADE|DOWNGRADE|COMMERCIAL|ASSURANCE|NULL|WIRELESS|DOWNGRADEOUTSIDEOFCONTRACT(VOLUNTARY)_CASESUBTYPE;DOWNGRADE_CASETYPE;DOWNGRADE_PROCESS;COMMERCIAL_CTYPE;ASSURANCE_WTYPE;NULL_WSTYPE;WIRELESS_PRIORITY; DOWNGRADEOUTSIDEOFCONTRACT(VOLUNTARY)|DOWNGRADE|DOWNGRADE|COMMERCIAL|ASSURANCE|NULL|WIRED|DOWNGRADEOUTSIDEOFCONTRACT(VOLUNTARY)_CASESUBTYPE;DOWNGRADE_CASETYPE;DOWNGRADE_PROCESS;COMMERCIAL_CTYPE;ASSURANCE_WTYPE;NULL_WSTYPE;WIRED_PRIORITY; SERVICELOCATIONREACTIVATION|REACTIVATION|REACTIVATION|COMMERCIAL|ASSURANCE|NULL|WIRELESS|SERVICELOCATIONREACTIVATION_CASESUBTYPE;REACTIVATION_CASETYPE;REACTIVATION_PROCESS;COMMERCIAL_CTYPE;ASSURANCE_WTYPE;NULL_WSTYPE;WIRELESS_PRIORITY; $5FORLIFEMOBILITYOFFER|OTHEROFFERS|PROVISIONING|RESIDENTIAL|PROVISIONING|NULL|WIRELESS|$5FORLIFEMOBILITYOFFER_CASESUBTYPE;OTHEROFFERS_CASETYPE;PROVISIONING_PROCESS;RESIDENTIAL_CTYPE;PROVISIONING_WTYPE;NULL_WSTYPE;WIRELESS_PRIORITY; SUSPENSION|OTHEROFFERS|??|RESIDENTIAL|??|NULL|WIRED|SUSPENSION_CASESUBTYPE;OTHEROFFERS_CASETYPE;??_PROCESS;RESIDENTIAL_CTYPE;??_WTYPE;NULL_WSTYPE;WIRED_PRIORITY; 3MONTHSFREE|SAVEBACK|PROVISIONING|RESIDENTIAL|PROVISIONING|NULL|WIRELESS|3MONTHSFREE_CASESUBTYPE;SAVEBACK_CASETYPE;PROVISIONING_PROCESS;RESIDENTIAL_CTYPE;PROVISIONING_WTYPE;NULL_WSTYPE;WIRELESS_PRIORITY; $5FOR24|SAVEBACK|PROVISIONING|RESIDENTIAL|PROVISIONING|NULL|WIRELESS|$5FOR24_CASESUBTYPE;SAVEBACK_CASETYPE;PROVISIONING_PROCESS;RESIDENTIAL_CTYPE;PROVISIONING_WTYPE;NULL_WSTYPE;WIRELESS_PRIORITY; TRANSFEROFOWNERSHIP|ACCOUNTINFORMATIONUPDATES|TRANSFEROFOWNERSHIP|COMMERCIAL|PROVISIONING|NULL|WIRELESS|TRANSFEROFOWNERSHIP_CASESUBTYPE;ACCOUNTINFORMATIONUPDATES_CASETYPE;TRANSFEROFOWNERSHIP_PROCESS;COMMERCIAL_CTYPE;PROVISIONING_WTYPE;NULL_WSTYPE;WIRELESS_PRIORITY; 25%FOR12|SAVEBACK|PROVISIONING|COMMERCIAL|PROVISIONING|NULL|WIRELESS|25%FOR12_CASESUBTYPE;SAVEBACK_CASETYPE;PROVISIONING_PROCESS;COMMERCIAL_CTYPE;PROVISIONING_WTYPE;NULL_WSTYPE;WIRELESS_PRIORITY; EXCHANGESELFINSTALLITEM|MAILOUT-SELFINSTALL|EXCHANGE|RESIDENTIAL|ASSURANCE|NULL|WIRELESS|EXCHANGESELFINSTALLITEM_CASESUBTYPE;MAILOUT-SELFINSTALL_CASETYPE;EXCHANGE_PROCESS;RESIDENTIAL_CTYPE;ASSURANCE_WTYPE;NULL_WSTYPE;WIRELESS_PRIORITY; 10FOR24|OTHEROFFERS|PROVISIONING|COMMERCIAL|PROVISIONING|NULL|WIRED|10FOR24_CASESUBTYPE;OTHEROFFERS_CASETYPE;PROVISIONING_PROCESS;COMMERCIAL_CTYPE;PROVISIONING_WTYPE;NULL_WSTYPE;WIRED_PRIORITY; 6MONTHSFREE|SAVEBACK|PROVISIONING|RESIDENTIAL|PROVISIONING|NULL|WIRELESS|6MONTHSFREE_CASESUBTYPE;SAVEBACK_CASETYPE;PROVISIONING_PROCESS;RESIDENTIAL_CTYPE;PROVISIONING_WTYPE;NULL_WSTYPE;WIRELESS_PRIORITY; EXCHANGE|MAILOUT-OTHER|EXCHANGE|COMMERCIAL|ASSURANCE|NULL|WIRELESS|EXCHANGE_CASESUBTYPE;MAILOUT-OTHER_CASETYPE;EXCHANGE_PROCESS;COMMERCIAL_CTYPE;ASSURANCE_WTYPE;NULL_WSTYPE;WIRELESS_PRIORITY; QUOTATIONONSERVICEOREQUIPMENT|ALARM|NULL|RESIDENTIAL|NULL|NULL|NULL|QUOTATIONONSERVICEOREQUIPMENT_CASESUBTYPE;ALARM_CASETYPE;NULL_PROCESS;RESIDENTIAL_CTYPE;NULL_WTYPE;NULL_WSTYPE;NULL_PRIORITY; DELETINGSENSOR(S)|ALARM|NULL|RESIDENTIAL|ASSURANCE|NULL|WIRED|DELETINGSENSOR(S)_CASESUBTYPE;ALARM_CASETYPE;NULL_PROCESS;RESIDENTIAL_CTYPE;ASSURANCE_WTYPE;NULL_WSTYPE;WIRED_PRIORITY; 25%FOR12|SAVEBACK|PROVISIONING|COMMERCIAL|PROVISIONING|NULL|WIRED|25%FOR12_CASESUBTYPE;SAVEBACK_CASETYPE;PROVISIONING_PROCESS;COMMERCIAL_CTYPE;PROVISIONING_WTYPE;NULL_WSTYPE;WIRED_PRIORITY; TRANSFEROFOWNERSHIP|OTHEROFFERS|PROVISIONING|COMMERCIAL|PROVISIONING|NULL|WIRELESS|TRANSFEROFOWNERSHIP_CASESUBTYPE;OTHEROFFERS_CASETYPE;PROVISIONING_PROCESS;COMMERCIAL_CTYPE;PROVISIONING_WTYPE;NULL_WSTYPE;WIRELESS_PRIORITY; $5FOR24|SAVEBACK|PROVISIONING|RESIDENTIAL|PROVISIONING|NULL|WIRED|$5FOR24_CASESUBTYPE;SAVEBACK_CASETYPE;PROVISIONING_PROCESS;RESIDENTIAL_CTYPE;PROVISIONING_WTYPE;NULL_WSTYPE;WIRED_PRIORITY; 6MONTHSFREE|SAVEBACK|PROVISIONING|RESIDENTIAL|PROVISIONING|NULL|WIRED|6MONTHSFREE_CASESUBTYPE;SAVEBACK_CASETYPE;PROVISIONING_PROCESS;RESIDENTIAL_CTYPE;PROVISIONING_WTYPE;NULL_WSTYPE;WIRED_PRIORITY; RETURNSELFINSTALLITEM|MAILOUT-SELFINSTALL|RETURN|RESIDENTIAL|ASSURANCE|NULL|WIRELESS|RETURNSELFINSTALLITEM_CASESUBTYPE;MAILOUT-SELFINSTALL_CASETYPE;RETURN_PROCESS;RESIDENTIAL_CTYPE;ASSURANCE_WTYPE;NULL_WSTYPE;WIRELESS_PRIORITY; MAILOUT-OTHERACCESSORIES(I.E.STICKERS,LAWNSIGNS)|MAILOUT-OTHER|MAILOUT|NULL|PROVISIONING|NULL|NULL|MAILOUT-OTHERACCESSORIES(I.E.STICKERS,LAWNSIGNS)_CASESUBTYPE;MAILOUT-OTHER_CASETYPE;MAILOUT_PROCESS;NULL_CTYPE;PROVISIONING_WTYPE;NULL_WSTYPE;NULL_PRIORITY; $5FORLIFE|SAVEBACK|PROVISIONING|RESIDENTIAL|PROVISIONING|NULL|WIRELESS|$5FORLIFE_CASESUBTYPE;SAVEBACK_CASETYPE;PROVISIONING_PROCESS;RESIDENTIAL_CTYPE;PROVISIONING_WTYPE;NULL_WSTYPE;WIRELESS_PRIORITY; $5FOR24|SAVEBACK|PROVISIONING|COMMERCIAL|PROVISIONING|NULL|WIRED|$5FOR24_CASESUBTYPE;SAVEBACK_CASETYPE;PROVISIONING_PROCESS;COMMERCIAL_CTYPE;PROVISIONING_WTYPE;NULL_WSTYPE;WIRED_PRIORITY; APPLYCREDITDUETOCAMERAISSUES|CAMERA|PROVISIONING|RESIDENTIAL|PROVISIONING|NULL|WIRELESS|APPLYCREDITDUETOCAMERAISSUES_CASESUBTYPE;CAMERA_CASETYPE;PROVISIONING_PROCESS;RESIDENTIAL_CTYPE;PROVISIONING_WTYPE;NULL_WSTYPE;WIRELESS_PRIORITY; DISCOUNTONEQUIPMENT|OTHEROFFERS|PROVISIONING|COMMERCIAL|PROVISIONING|NULL|WIRED|DISCOUNTONEQUIPMENT_CASESUBTYPE;OTHEROFFERS_CASETYPE;PROVISIONING_PROCESS;COMMERCIAL_CTYPE;PROVISIONING_WTYPE;NULL_WSTYPE;WIRED_PRIORITY; QUOTATIONONSERVICEOREQUIPMENT|ALARM|NULL|COMMERCIAL|NULL|COMMERCIAL-REPAIR-WIRELESS|NULL|QUOTATIONONSERVICEOREQUIPMENT_CASESUBTYPE;ALARM_CASETYPE;NULL_PROCESS;COMMERCIAL_CTYPE;NULL_WTYPE;COMMERCIAL-REPAIR-WIRELESS_WSTYPE;NULL_PRIORITY; 20FOR24|OTHEROFFERS|PROVISIONING|RESIDENTIAL|PROVISIONING|NULL|WIRED|20FOR24_CASESUBTYPE;OTHEROFFERS_CASETYPE;PROVISIONING_PROCESS;RESIDENTIAL_CTYPE;PROVISIONING_WTYPE;NULL_WSTYPE;WIRED_PRIORITY; SERVICELOCATIONREACTIVATION|REACTIVATION|REACTIVATION|RESIDENTIAL|ASSURANCE|NULL|WIRELESS|SERVICELOCATIONREACTIVATION_CASESUBTYPE;REACTIVATION_CASETYPE;REACTIVATION_PROCESS;RESIDENTIAL_CTYPE;ASSURANCE_WTYPE;NULL_WSTYPE;WIRELESS_PRIORITY; $5FORLIFE|SAVEBACK|PROVISIONING|COMMERCIAL|PROVISIONING|NULL|WIRED|$5FORLIFE_CASESUBTYPE;SAVEBACK_CASETYPE;PROVISIONING_PROCESS;COMMERCIAL_CTYPE;PROVISIONING_WTYPE;NULL_WSTYPE;WIRED_PRIORITY; $19.99+TAXLEGACYDEAL|OTHEROFFERS|NULL|RESIDENTIAL|NULL|NULL|NULL|$19.99+TAXLEGACYDEAL_CASESUBTYPE;OTHEROFFERS_CASETYPE;NULL_PROCESS;RESIDENTIAL_CTYPE;NULL_WTYPE;NULL_WSTYPE;NULL_PRIORITY;  </system-out>
</testsuite> <!-- ca.elecsoft.casetypetest.CaseValuesTest -->
